Determining if the pthread_create exist failed with the following output:
Change Dir: /home/felipecolares/Documents/UFRN/2019.1/LP1/GRAAL/build/CMakeFiles/CMakeTmp

Run Build Command:"/usr/bin/make" "cmTC_bac88/fast"
/usr/bin/make -f CMakeFiles/cmTC_bac88.dir/build.make CMakeFiles/cmTC_bac88.dir/build
make[1]: Entering directory '/home/felipecolares/Documents/UFRN/2019.1/LP1/GRAAL/build/CMakeFiles/CMakeTmp'
Building CXX object CMakeFiles/cmTC_bac88.dir/CheckSymbolExists.cxx.o
/usr/bin/c++     -o CMakeFiles/cmTC_bac88.dir/CheckSymbolExists.cxx.o -c /home/felipecolares/Documents/UFRN/2019.1/LP1/GRAAL/build/CMakeFiles/CMakeTmp/CheckSymbolExists.cxx
Linking CXX executable cmTC_bac88
/usr/bin/cmake -E cmake_link_script CMakeFiles/cmTC_bac88.dir/link.txt --verbose=1
/usr/bin/c++       CMakeFiles/cmTC_bac88.dir/CheckSymbolExists.cxx.o  -o cmTC_bac88 
CMakeFiles/cmTC_bac88.dir/CheckSymbolExists.cxx.o: In function `main':
CheckSymbolExists.cxx:(.text+0x1b): undefined reference to `pthread_create'
collect2: error: ld returned 1 exit status
CMakeFiles/cmTC_bac88.dir/build.make:97: recipe for target 'cmTC_bac88' failed
make[1]: *** [cmTC_bac88] Error 1
make[1]: Leaving directory '/home/felipecolares/Documents/UFRN/2019.1/LP1/GRAAL/build/CMakeFiles/CMakeTmp'
Makefile:126: recipe for target 'cmTC_bac88/fast' failed
make: *** [cmTC_bac88/fast] Error 2

File /home/felipecolares/Documents/UFRN/2019.1/LP1/GRAAL/build/CMakeFiles/CMakeTmp/CheckSymbolExists.cxx:
/* */
#include <pthread.h>

int main(int argc, char** argv)
{
  (void)argv;
#ifndef pthread_create
  return ((int*)(&pthread_create))[argc];
#else
  (void)argc;
  return 0;
#endif
}

Determining if the function pthread_create exists in the pthreads failed with the following output:
Change Dir: /home/felipecolares/Documents/UFRN/2019.1/LP1/GRAAL/build/CMakeFiles/CMakeTmp

Run Build Command:"/usr/bin/make" "cmTC_f625a/fast"
/usr/bin/make -f CMakeFiles/cmTC_f625a.dir/build.make CMakeFiles/cmTC_f625a.dir/build
make[1]: Entering directory '/home/felipecolares/Documents/UFRN/2019.1/LP1/GRAAL/build/CMakeFiles/CMakeTmp'
Building CXX object CMakeFiles/cmTC_f625a.dir/CheckFunctionExists.cxx.o
/usr/bin/c++    -DCHECK_FUNCTION_EXISTS=pthread_create   -o CMakeFiles/cmTC_f625a.dir/CheckFunctionExists.cxx.o -c /home/felipecolares/Documents/UFRN/2019.1/LP1/GRAAL/build/CMakeFiles/CheckLibraryExists/CheckFunctionExists.cxx
Linking CXX executable cmTC_f625a
/usr/bin/cmake -E cmake_link_script CMakeFiles/cmTC_f625a.dir/link.txt --verbose=1
/usr/bin/c++   -DCHECK_FUNCTION_EXISTS=pthread_create    CMakeFiles/cmTC_f625a.dir/CheckFunctionExists.cxx.o  -o cmTC_f625a -lpthreads 
/usr/bin/ld: cannot find -lpthreads
collect2: error: ld returned 1 exit status
CMakeFiles/cmTC_f625a.dir/build.make:97: recipe for target 'cmTC_f625a' failed
make[1]: *** [cmTC_f625a] Error 1
make[1]: Leaving directory '/home/felipecolares/Documents/UFRN/2019.1/LP1/GRAAL/build/CMakeFiles/CMakeTmp'
Makefile:126: recipe for target 'cmTC_f625a/fast' failed
make: *** [cmTC_f625a/fast] Error 2


